###########################################################################
# AUTOSAR Renesas R4.0 WDG Driver Generation Tool for X1x - 1.0.20                     
# Run time      = [22 Dec 2016 - 21:17:17]
#  Command line arguments = RUCG.exe Wdg_X1x.dll -L -O
#    C:\Workspace\_EA4\T1xx\GM_T1XX_EPS_RH850_Working\GM_T1XX_EPS_RH850\generate\Wdg
#    C:\Users\kzdyfh\AppData\Local\Temp\DaVinci\Cfg-9273437\Generation\Cfg_Gen-1482459280244-0\AutosarFiles_ValGen-1482459424090-0\Wdg_ECUC_5560789288325487727.arxml
#    R403_WDG_P1x_BSWMDT.arxml P1M.trxml Wdg_X1x.cfgxml
#
# Copyright(c) 2012-2016 Renesas Electronics Corporation.
# All rights reserved
###########################################################################


INF000001: DLL Version: 1.0.20
INF000002: Command line arguments: RUCG.exe Wdg_X1x.dll -L -O
           C:\Workspace\_EA4\T1xx\GM_T1XX_EPS_RH850_Working\GM_T1XX_EPS_RH850\generate\Wdg
           C:\Users\kzdyfh\AppData\Local\Temp\DaVinci\Cfg-9273437\Generation\Cfg_Gen-1482459280244-0\AutosarFiles_ValGen-1482459424090-0\Wdg_ECUC_5560789288325487727.arxml
           R403_WDG_P1x_BSWMDT.arxml P1M.trxml Wdg_X1x.cfgxml
INF102001: The duration of 75% of one WDG trigger cycle for slow mode is <6.144
           msec>.
           File Name:
           C:\Users\kzdyfh\AppData\Local\Temp\DaVinci\Cfg-9273437\Generation\Cfg_Gen-1482459280244-0\AutosarFiles_ValGen-1482459424090-0\Wdg_ECUC_5560789288325487727.arxml
           Path: /ActiveEcuC/Wdg/WdgSettingsConfig/WdgSettingsSlow
INF102002: The duration of 75% of one WDG trigger cycle for fast mode is <3.072
           msec>.
           File Name:
           C:\Users\kzdyfh\AppData\Local\Temp\DaVinci\Cfg-9273437\Generation\Cfg_Gen-1482459280244-0\AutosarFiles_ValGen-1482459424090-0\Wdg_ECUC_5560789288325487727.arxml
           Path: /ActiveEcuC/Wdg/WdgSettingsConfig/WdgSettingsFast
INF000004: Opened file
           <C:\Workspace\_EA4\T1xx\GM_T1XX_EPS_RH850_Working\GM_T1XX_EPS_RH850\generate\Wdg\src\Wdg_59_DriverA_PBcfg.c>
           at [22 Dec 2016 - 21:17:29].
INF000004: Opened file
           <C:\Workspace\_EA4\T1xx\GM_T1XX_EPS_RH850_Working\GM_T1XX_EPS_RH850\generate\Wdg\include\Wdg_59_DriverA_Cfg.h>
           at [22 Dec 2016 - 21:17:29].
INF000004: Opened file
           <C:\Workspace\_EA4\T1xx\GM_T1XX_EPS_RH850_Working\GM_T1XX_EPS_RH850\generate\Wdg\include\Wdg_59_DriverA_Cbk.h>
           at [22 Dec 2016 - 21:17:29].
INF000005: <0> Error(s) and <0> Warning(s) detected.
INF000006: Execution completed successfully.
