AUTOSAR XML Text Transformation v2.0.2.0
    Output folder: C:\Component\CM111A_VrfyCritReg_Impl\tools\contract\generate
    Descr. file:   C:\Users\nzt9hv\AppData\Local\Temp\Cfg_Gen-1461601879545-0\AutosarFiles_ValGen-1461601922226-0\VrfyCritReg_ECUC_5956530878062754664.arxml
    Include file:  C:\Component\CM111A_VrfyCritReg_Impl\generate\..\..\TL105A_Artt\tools\include\Helper.tt
    Include file:  C:\Component\CM111A_VrfyCritReg_Impl\generate\..\..\TL105A_Artt\tools\include\Logger.tt
    Include file:  C:\Component\CM111A_VrfyCritReg_Impl\generate\CDD_VrfyCritReg_helper.tt
    Template:      C:\Component\CM111A_VrfyCritReg_Impl\generate\CDD_VrfyCritReg_Cfg.c.tt
    Namespace:     http://autosar.org/schema/r4.0
    Prefix:        ar
    File:          C:/Component/CM111A_VrfyCritReg_Impl/tools/contract/generate\CDD_VrfyCritReg_Cfg.c. written.
    Duration:      00:00:01.8408118.
AUTOSAR XML Text Transformation v2.0.2.0
    Output folder: C:\Component\CM111A_VrfyCritReg_Impl\tools\contract\generate
    Descr. file:   C:\Users\nzt9hv\AppData\Local\Temp\Cfg_Gen-1461601879545-0\AutosarFiles_ValGen-1461601922226-0\VrfyCritReg_ECUC_5956530878062754664.arxml
    Include file:  C:\Component\CM111A_VrfyCritReg_Impl\generate\..\..\TL105A_Artt\tools\include\Helper.tt
    Include file:  C:\Component\CM111A_VrfyCritReg_Impl\generate\..\..\TL105A_Artt\tools\include\Logger.tt
    Include file:  C:\Component\CM111A_VrfyCritReg_Impl\generate\CDD_VrfyCritReg_helper.tt
    Template:      C:\Component\CM111A_VrfyCritReg_Impl\generate\CDD_VrfyCritReg_Cfg_private.h.tt
    Namespace:     http://autosar.org/schema/r4.0
    Prefix:        ar
    File:          C:/Component/CM111A_VrfyCritReg_Impl/tools/contract/generate\CDD_VrfyCritReg_Cfg_private.h. written.
    Duration:      00:00:01.6536106.
