AUTOSAR XML Text Transformation v2.0.2.0
    Output folder: C:\Component\ES106A_StHlthSigStc_Impl\tools\contract\generate
    Descr. file:   C:\Users\tzyksv\AppData\Local\Temp\Cfg_Gen-1475246508800-0\AutosarFiles_ValGen-1475246537810-0\StHlthSigStc_ECUC_8930534457585164341.arxml
    Include file:  C:\Component\ES106A_StHlthSigStc_Impl\generate\..\..\TL105A_Artt\tools\include\Helper.tt
    Include file:  C:\Component\ES106A_StHlthSigStc_Impl\generate\..\..\TL105A_Artt\tools\include\Logger.tt
    Include file:  C:\Component\ES106A_StHlthSigStc_Impl\generate\StHlthSigStc_helper.tt
    Template:      C:\Component\ES106A_StHlthSigStc_Impl\generate\StHlthSigStc_Cfg.c.tt
    Namespace:     http://autosar.org/schema/r4.0
    Prefix:        ar
    File:          C:/Component/ES106A_StHlthSigStc_Impl/tools/contract/generate\StHlthSigStc_Cfg.c. written.
    Duration:      00:00:01.1388073.
AUTOSAR XML Text Transformation v2.0.2.0
    Output folder: C:\Component\ES106A_StHlthSigStc_Impl\tools\contract\generate
    Descr. file:   C:\Users\tzyksv\AppData\Local\Temp\Cfg_Gen-1475246508800-0\AutosarFiles_ValGen-1475246537810-0\StHlthSigStc_ECUC_8930534457585164341.arxml
    Include file:  C:\Component\ES106A_StHlthSigStc_Impl\generate\..\..\TL105A_Artt\tools\include\Helper.tt
    Include file:  C:\Component\ES106A_StHlthSigStc_Impl\generate\..\..\TL105A_Artt\tools\include\Logger.tt
    Include file:  C:\Component\ES106A_StHlthSigStc_Impl\generate\StHlthSigStc_helper.tt
    Template:      C:\Component\ES106A_StHlthSigStc_Impl\generate\StHlthSigStc_Cfg.h.tt
    Namespace:     http://autosar.org/schema/r4.0
    Prefix:        ar
    File:          C:/Component/ES106A_StHlthSigStc_Impl/tools/contract/generate\StHlthSigStc_Cfg.h. written.
    Duration:      00:00:01.2324079.
