###########################################################################
# AUTOSAR Renesas R3.2 and R4.0 PORT Driver Generation Tool for X1x - 1.3.14                     
# Run time      = [24 Jan 2017 - 16:38:50]
#  Command line arguments = RUCG.exe Port_X1x.dll -L -O
#    C:\Hari\Work\SynergyProjects\T1xx_Synergy\BuildPrep\07.02.00_Work\Z_Work_3_8265P2_CM010A\GM_T1XX_EPS_RH850\generate\Port
#    C:\Users\nz2654\AppData\Local\Temp\DaVinci\Cfg-2484139\Generation\Cfg_Gen-1485292501329-0\AutosarFiles_ValGen-1485293917248-0\Port_ECUC_2129089976239749025.arxml
#    R403_PORT_P1x_BSWMDT.arxml P1M.trxml Port_X1x.cfgxml
#
# Copyright(c) 2012-2016 Renesas Electronics Corporation.
# All rights reserved
###########################################################################


INF000001: DLL Version: 1.3.14
INF000002: Command line arguments: RUCG.exe Port_X1x.dll -L -O
           C:\Hari\Work\SynergyProjects\T1xx_Synergy\BuildPrep\07.02.00_Work\Z_Work_3_8265P2_CM010A\GM_T1XX_EPS_RH850\generate\Port
           C:\Users\nz2654\AppData\Local\Temp\DaVinci\Cfg-2484139\Generation\Cfg_Gen-1485292501329-0\AutosarFiles_ValGen-1485293917248-0\Port_ECUC_2129089976239749025.arxml
           R403_PORT_P1x_BSWMDT.arxml P1M.trxml Port_X1x.cfgxml
INF000004: Opened file
           <C:\Hari\Work\SynergyProjects\T1xx_Synergy\BuildPrep\07.02.00_Work\Z_Work_3_8265P2_CM010A\GM_T1XX_EPS_RH850\generate\Port\include\Port_Cfg.h>
           at [24 Jan 2017 - 16:39:02].
INF000004: Opened file
           <C:\Hari\Work\SynergyProjects\T1xx_Synergy\BuildPrep\07.02.00_Work\Z_Work_3_8265P2_CM010A\GM_T1XX_EPS_RH850\generate\Port\include\Port_Cbk.h>
           at [24 Jan 2017 - 16:39:02].
INF000004: Opened file
           <C:\Hari\Work\SynergyProjects\T1xx_Synergy\BuildPrep\07.02.00_Work\Z_Work_3_8265P2_CM010A\GM_T1XX_EPS_RH850\generate\Port\src\Port_PBcfg.c>
           at [24 Jan 2017 - 16:39:02].
INF000005: <0> Error(s) and <0> Warning(s) detected.
INF000006: Execution completed successfully.
