AUTOSAR XML Text Transformation v2.0.2.0
    Output folder: C:\Component\AR300A_MotCtrlMgr_Impl\tools\contract\generate
    Descr. file:   C:\Users\czgng4\AppData\Local\Temp\Cfg_Gen-1473942806507-0\AutosarFiles_ValGen-1473942844347-0\MotCtrlMgr_ECUC_4420158366225653707.arxml
    Include file:  C:\Component\AR300A_MotCtrlMgr_Impl\generate\..\..\TL105A_Artt\tools\include\Helper.tt
    Template:      C:\Component\AR300A_MotCtrlMgr_Impl\generate\CDD_MotCtrlMgr.c.tt
    Namespace:     http://autosar.org/schema/r4.0
    Prefix:        ar
    File:          C:/Component/AR300A_MotCtrlMgr_Impl/tools/contract/generate\CDD_MotCtrlMgr.c. written.
    Duration:      00:00:00.7332047.
AUTOSAR XML Text Transformation v2.0.2.0
    Output folder: C:\Component\AR300A_MotCtrlMgr_Impl\tools\contract\generate
    Descr. file:   C:\Users\czgng4\AppData\Local\Temp\Cfg_Gen-1473942806507-0\AutosarFiles_ValGen-1473942844347-0\MotCtrlMgr_ECUC_4420158366225653707.arxml
    Include file:  C:\Component\AR300A_MotCtrlMgr_Impl\generate\..\..\TL105A_Artt\tools\include\Helper.tt
    Template:      C:\Component\AR300A_MotCtrlMgr_Impl\generate\CDD_MotCtrlMgr_Irq.c.tt
    Namespace:     http://autosar.org/schema/r4.0
    Prefix:        ar
    File:          C:/Component/AR300A_MotCtrlMgr_Impl/tools/contract/generate\CDD_MotCtrlMgr_Irq.c. written.
    Duration:      00:00:00.7176046.
AUTOSAR XML Text Transformation v2.0.2.0
    Output folder: C:\Component\AR300A_MotCtrlMgr_Impl\tools\contract\generate
    Descr. file:   C:\Users\czgng4\AppData\Local\Temp\Cfg_Gen-1473942806507-0\AutosarFiles_ValGen-1473942844347-0\MotCtrlMgr_ECUC_4420158366225653707.arxml
    Include file:  C:\Component\AR300A_MotCtrlMgr_Impl\generate\..\..\TL105A_Artt\tools\include\Helper.tt
    Template:      C:\Component\AR300A_MotCtrlMgr_Impl\generate\CDD_MotCtrlMgr_Data.c.tt
    Namespace:     http://autosar.org/schema/r4.0
    Prefix:        ar
    File:          C:/Component/AR300A_MotCtrlMgr_Impl/tools/contract/generate\CDD_MotCtrlMgr_Data.c. written.
    Duration:      00:00:00.7800050.
AUTOSAR XML Text Transformation v2.0.2.0
    Output folder: C:\Component\AR300A_MotCtrlMgr_Impl\tools\contract\generate
    Descr. file:   C:\Users\czgng4\AppData\Local\Temp\Cfg_Gen-1473942806507-0\AutosarFiles_ValGen-1473942844347-0\MotCtrlMgr_ECUC_4420158366225653707.arxml
    Include file:  C:\Component\AR300A_MotCtrlMgr_Impl\generate\..\..\TL105A_Artt\tools\include\Helper.tt
    Template:      C:\Component\AR300A_MotCtrlMgr_Impl\generate\CDD_MotCtrlMgr_Data.h.tt
    Namespace:     http://autosar.org/schema/r4.0
    Prefix:        ar
    File:          C:/Component/AR300A_MotCtrlMgr_Impl/tools/contract/generate\CDD_MotCtrlMgr_Data.h. written.
    Duration:      00:00:00.7800050.
AUTOSAR XML Text Transformation v2.0.2.0
    Output folder: C:\Component\AR300A_MotCtrlMgr_Impl\tools\contract\generate
    Descr. file:   C:\Users\czgng4\AppData\Local\Temp\Cfg_Gen-1473942806507-0\AutosarFiles_ValGen-1473942844347-0\MotCtrlMgr_ECUC_4420158366225653707.arxml
    Include file:  C:\Component\AR300A_MotCtrlMgr_Impl\generate\..\..\TL105A_Artt\tools\include\Helper.tt
    Template:      C:\Component\AR300A_MotCtrlMgr_Impl\generate\AR300A_MotCtrlMgr_DataDict.m.tt
    Namespace:     http://autosar.org/schema/r4.0
    Prefix:        ar
    File:          C:/Component/AR300A_MotCtrlMgr_Impl/tools/contract/generate\AR300A_MotCtrlMgr_DataDict.m. written.
    Duration:      00:00:00.7800050.
