###########################################################################
# AUTOSAR Renesas R4.0 DIO Driver Generation Tool for X1x - 1.0.18                     
# Run time      = [22 Dec 2016 - 19:34:14]
#  Command line arguments = RUCG.exe Dio_X1x.dll -L -O
#    C:\Workspace\_EA4\T1xx\GM_T1XX_EPS_RH850_Working\GM_T1XX_EPS_RH850\generate\Dio
#    C:\Users\kzdyfh\AppData\Local\Temp\DaVinci\Cfg-2746541\Generation\Cfg_Gen-1482452752793-0\AutosarFiles_ValGen-1482453240719-0\Dio_ECUC_7263084683401011790.arxml
#    R403_DIO_P1x_BSWMDT.arxml P1M.trxml Dio_X1x.cfgxml
#
# Copyright(c) 2012-2016 Renesas Electronics Corporation.
# All rights reserved
###########################################################################


INF000001: DLL Version: 1.0.18
INF000002: Command line arguments: RUCG.exe Dio_X1x.dll -L -O
           C:\Workspace\_EA4\T1xx\GM_T1XX_EPS_RH850_Working\GM_T1XX_EPS_RH850\generate\Dio
           C:\Users\kzdyfh\AppData\Local\Temp\DaVinci\Cfg-2746541\Generation\Cfg_Gen-1482452752793-0\AutosarFiles_ValGen-1482453240719-0\Dio_ECUC_7263084683401011790.arxml
           R403_DIO_P1x_BSWMDT.arxml P1M.trxml Dio_X1x.cfgxml
INF000004: Opened file
           <C:\Workspace\_EA4\T1xx\GM_T1XX_EPS_RH850_Working\GM_T1XX_EPS_RH850\generate\Dio\src\Dio_PBcfg.c>
           at [22 Dec 2016 - 19:34:27].
INF000004: Opened file
           <C:\Workspace\_EA4\T1xx\GM_T1XX_EPS_RH850_Working\GM_T1XX_EPS_RH850\generate\Dio\include\Dio_Cfg.h>
           at [22 Dec 2016 - 19:34:27].
INF000004: Opened file
           <C:\Workspace\_EA4\T1xx\GM_T1XX_EPS_RH850_Working\GM_T1XX_EPS_RH850\generate\Dio\include\Dio_Cbk.h>
           at [22 Dec 2016 - 19:34:27].
INF000005: <0> Error(s) and <0> Warning(s) detected.
INF000006: Execution completed successfully.
