###########################################################################
# AUTOSAR Renesas R4.0 MCU Driver Generation Tool for P1x - 1.1.4                     
# Run time      = [ 8 Feb 2017 - 14:16:46]
#  Command line arguments = RUCG.exe Mcu_P1x.dll -L -O
#    C:\Hari\Work\SynergyProjects\T1xx_Synergy\BuildPrep\07.02.01_Work\Z_Work_4_9566_8616P2\GM_T1XX_EPS_RH850\generate\Mcu
#    C:\Users\nz2654\AppData\Local\Temp\DaVinci\Cfg-6734651\Generation\Cfg_Gen-1486576759767-0\AutosarFiles_ValGen-1486581390805-0\Mcu_ECUC_4631761773678961409.arxml
#    R403_MCU_P1x_BSWMDT.arxml P1M.trxml Mcu_P1x.cfgxml
#
# Copyright(c) 2013-2016 Renesas Electronics Corporation.
# All rights reserved
###########################################################################


INF000001: DLL Version: 1.1.4
INF000002: Command line arguments: RUCG.exe Mcu_P1x.dll -L -O
           C:\Hari\Work\SynergyProjects\T1xx_Synergy\BuildPrep\07.02.01_Work\Z_Work_4_9566_8616P2\GM_T1XX_EPS_RH850\generate\Mcu
           C:\Users\nz2654\AppData\Local\Temp\DaVinci\Cfg-6734651\Generation\Cfg_Gen-1486576759767-0\AutosarFiles_ValGen-1486581390805-0\Mcu_ECUC_4631761773678961409.arxml
           R403_MCU_P1x_BSWMDT.arxml P1M.trxml Mcu_P1x.cfgxml
INF101002: The configured value for parameter 'McuExternalClk0DividerSel' will
           be ignored if parameter 'McuExternalClk0SourceSel' is configured as
           'MCU_NO_OUTPUT'.
           File Name:
           C:\Users\nz2654\AppData\Local\Temp\DaVinci\Cfg-6734651\Generation\Cfg_Gen-1486576759767-0\AutosarFiles_ValGen-1486581390805-0\Mcu_ECUC_4631761773678961409.arxml
           Path:
           /ActiveEcuC/Mcu/McuModuleConfiguration/McuClockSettingConfig/McuExternalClkOutSetting
INF101002: The configured value for parameter 'McuExternalClk1DividerSel' will
           be ignored if parameter 'McuExternalClk1SourceSel' is configured as
           'MCU_NO_OUTPUT'.
           File Name:
           C:\Users\nz2654\AppData\Local\Temp\DaVinci\Cfg-6734651\Generation\Cfg_Gen-1486576759767-0\AutosarFiles_ValGen-1486581390805-0\Mcu_ECUC_4631761773678961409.arxml
           Path:
           /ActiveEcuC/Mcu/McuModuleConfiguration/McuClockSettingConfig/McuExternalClkOutSetting
INF000004: Opened file
           <C:\Hari\Work\SynergyProjects\T1xx_Synergy\BuildPrep\07.02.01_Work\Z_Work_4_9566_8616P2\GM_T1XX_EPS_RH850\generate\Mcu\include\Mcu_Reg.h>
           at [ 8 Feb 2017 - 14:16:59].
INF000004: Opened file
           <C:\Hari\Work\SynergyProjects\T1xx_Synergy\BuildPrep\07.02.01_Work\Z_Work_4_9566_8616P2\GM_T1XX_EPS_RH850\generate\Mcu\include\Mcu_Cfg.h>
           at [ 8 Feb 2017 - 14:16:59].
INF000004: Opened file
           <C:\Hari\Work\SynergyProjects\T1xx_Synergy\BuildPrep\07.02.01_Work\Z_Work_4_9566_8616P2\GM_T1XX_EPS_RH850\generate\Mcu\src\Mcu_PBcfg.c>
           at [ 8 Feb 2017 - 14:16:59].
INF000004: Opened file
           <C:\Hari\Work\SynergyProjects\T1xx_Synergy\BuildPrep\07.02.01_Work\Z_Work_4_9566_8616P2\GM_T1XX_EPS_RH850\generate\Mcu\include\Mcu_Cbk.h>
           at [ 8 Feb 2017 - 14:16:59].
INF000005: <0> Error(s) and <0> Warning(s) detected.
INF000006: Execution completed successfully.
