AUTOSAR XML Text Transformation v2.0.2.0
    Output folder: C:\Project\GM_T1XX_EPS_RH850\generate
    Descr. file:   C:\Users\czgng4\AppData\Local\Temp\Cfg_Gen-1453480162916-8\AutosarFiles_ValGen-1453480494219-0\Adc0CfgAndUse_ECUC_487484597219067969.arxml
    Include file:  C:\Project\CM300A_Adc0CfgAndUse_Impl\generate\..\..\TL105A_Artt\tools\include\Helper.tt
    Template:      C:\Project\CM300A_Adc0CfgAndUse_Impl\generate\CDD_Adc0CfgAndUse_Cfg.h.tt
    Namespace:     http://autosar.org/schema/r4.0
    Prefix:        ar
    File:          C:/Project/GM_T1XX_EPS_RH850/generate\CDD_Adc0CfgAndUse_Cfg.h. written.
    Duration:      00:00:01.2792082.
AUTOSAR XML Text Transformation v2.0.2.0
    Output folder: C:\Workspace\_EA4\T1xx\GM_T1XX_EPS_RH850_Working\GM_T1XX_EPS_RH850\generate
    Descr. file:   C:\Users\kzdyfh\AppData\Local\Temp\Cfg_Gen-1468413134151-6\AutosarFiles_ValGen-1468415150255-0\Adc0CfgAndUse_ECUC_6742377498297250339.arxml
    Include file:  C:\Workspace\_EA4\T1xx\GM_T1XX_EPS_RH850_Working\CM300A_Adc0CfgAndUse_Impl\generate\..\..\TL105A_Artt\tools\include\Helper.tt
    Template:      C:\Workspace\_EA4\T1xx\GM_T1XX_EPS_RH850_Working\CM300A_Adc0CfgAndUse_Impl\generate\CDD_Adc0CfgAndUse_Cfg.h.tt
    Namespace:     http://autosar.org/schema/r4.0
    Prefix:        ar
The transformation produced the following errors and warnings:
error : Errors were generated when initializing the transformation object. The transformation will not be run.  The following Exception was thrown:
System.IO.DirectoryNotFoundException: Could not find a part of the path 'C:\Users\kzdyfh\AppData\Local\Temp\Cfg_Gen-1468413134151-6\AutosarFiles_ValGen-1468415150255-0\Adc0CfgAndUse_ECUC_6742377498297250339.arxml'.
   at System.IO.__Error.WinIOError(Int32 errorCode, String maybeFullPath)
   at System.IO.FileStream.Init(String path, FileMode mode, FileAccess access, Int32 rights, Boolean useRights, FileShare share, Int32 bufferSize, FileOptions options, SECURITY_ATTRIBUTES secAttrs, String msgPath, Boolean bFromProxy)
   at System.IO.FileStream..ctor(String path, FileMode mode, FileAccess access, FileShare share, Int32 bufferSize, FileOptions options, String msgPath, Boolean bFromProxy)
   at System.IO.FileStream..ctor(String path, FileMode mode, FileAccess access, FileShare share, Int32 bufferSize)
   at System.Xml.XmlDownloadManager.GetStream(Uri uri, ICredentials credentials)
   at System.Xml.XmlUrlResolver.GetEntity(Uri absoluteUri, String role, Type ofObjectToReturn)
   at System.Xml.XmlTextReaderImpl.OpenUrlDelegate(Object xmlResolver)
   at System.Threading.CompressedStack.runTryCode(Object userData)
   at System.Runtime.CompilerServices.RuntimeHelpers.ExecuteCodeWithGuaranteedCleanup(TryCode code, CleanupCode backoutCode, Object userData)
   at System.Threading.CompressedStack.Run(CompressedStack compressedStack, ContextCallback callback, Object state)
   at System.Xml.XmlTextReaderImpl.OpenUrl()
   at System.Xml.XmlTextReaderImpl.Read()
   at System.Xml.XPath.XPathDocument.LoadFromReader(XmlReader reader, XmlSpace space)
   at System.Xml.XPath.XPathDocument..ctor(String uri, XmlSpace space)
   at AutosarDirectiveProcessor.ArGtcBase.AddDescFile(String fileName)
   at Microsoft.VisualStudio.TextTemplating475B277F454BEAA0720621511893A54A.GeneratedTextTransformation.Initialize() in c:\Workspace\_EA4\T1xx\GM_T1XX_EPS_RH850_Working\CM300A_Adc0CfgAndUse_Impl\generate\CDD_Adc0CfgAndUse_Cfg.h.tt:line 8
   at Microsoft.VisualStudio.TextTemplating.TransformationRunner.RunTransformation(String fullClassName, String baseClassName, String[] importedNamespaces, String[] references, String source, String inputFile, Boolean debug, SupportedLanguages language, IDictionary`2 languageOptions, IFormatProvider format, ITextTemplatingEngineHost host, Boolean cacheAssemblies, String& result)
    File:          C:/Workspace/_EA4/T1xx/GM_T1XX_EPS_RH850_Working/GM_T1XX_EPS_RH850/generate\CDD_Adc0CfgAndUse_Cfg.h. written with errors.
    Duration:      00:00:00.6864044.
AUTOSAR XML Text Transformation v2.0.2.0
    Output folder: C:\Workspace\_EA4\T1xx\GM_T1XX_EPS_RH850_Working\GM_T1XX_EPS_RH850\generate
    Descr. file:   C:\Users\kzdyfh\AppData\Local\Temp\Cfg_Gen-1468413134151-6\AutosarFiles_ValGen-1468415261618-0\Adc0CfgAndUse_ECUC_5647372363523046702.arxml
    Include file:  C:\Workspace\_EA4\T1xx\GM_T1XX_EPS_RH850_Working\CM300A_Adc0CfgAndUse_Impl\generate\..\..\TL105A_Artt\tools\include\Helper.tt
    Template:      C:\Workspace\_EA4\T1xx\GM_T1XX_EPS_RH850_Working\CM300A_Adc0CfgAndUse_Impl\generate\CDD_Adc0CfgAndUse_Cfg.h.tt
    Namespace:     http://autosar.org/schema/r4.0
    Prefix:        ar
    File:          C:/Workspace/_EA4/T1xx/GM_T1XX_EPS_RH850_Working/GM_T1XX_EPS_RH850/generate\CDD_Adc0CfgAndUse_Cfg.h. written.
    Duration:      00:00:00.8268053.
AUTOSAR XML Text Transformation v2.0.2.0
    Output folder: C:\Hari\Work\SynergyProjects\T1xx_Synergy\WorkingProject_Synergy\GM_T1XX_EPS_RH850\generate
    Descr. file:   C:\Users\nz2654\AppData\Local\Temp\DaVinci\Cfg-3747693\Generation\Cfg_Gen-1481733754247-0\AutosarFiles_ValGen-1481734289264-0\Adc0CfgAndUse_ECUC_1910038329144567371.arxml
    Include file:  C:\Hari\Work\SynergyProjects\T1xx_Synergy\WorkingProject_Synergy\CM300A_Adc0CfgAndUse_Impl\generate\..\..\TL105A_Artt\tools\include\Helper.tt
    Template:      C:\Hari\Work\SynergyProjects\T1xx_Synergy\WorkingProject_Synergy\CM300A_Adc0CfgAndUse_Impl\generate\CDD_Adc0CfgAndUse_Cfg.h.tt
    Namespace:     http://autosar.org/schema/r4.0
    Prefix:        ar
    File:          C:/Hari/Work/SynergyProjects/T1xx_Synergy/WorkingProject_Synergy/GM_T1XX_EPS_RH850/generate\CDD_Adc0CfgAndUse_Cfg.h. written.
    Duration:      00:00:01.3104084.
