AUTOSAR XML Text Transformation v2.0.2.0
    Output folder: C:\Project\GM_T1XX_EPS_RH850\generate
    Descr. file:   C:\Users\czgng4\AppData\Local\Temp\Cfg_Gen-1453480162916-8\AutosarFiles_ValGen-1453480494219-0\Adc1CfgAndUse_ECUC_3740280855435953926.arxml
    Include file:  C:\Project\CM320A_Adc1CfgAndUse_Impl\generate\..\..\TL105A_Artt\tools\include\Helper.tt
    Template:      C:\Project\CM320A_Adc1CfgAndUse_Impl\generate\CDD_Adc1CfgAndUse_Cfg.h.tt
    Namespace:     http://autosar.org/schema/r4.0
    Prefix:        ar
    File:          C:/Project/GM_T1XX_EPS_RH850/generate\CDD_Adc1CfgAndUse_Cfg.h. written.
    Duration:      00:00:01.2948083.
AUTOSAR XML Text Transformation v2.0.2.0
    Output folder: C:\Workspace\_EA4\T1xx\GM_T1XX_EPS_RH850_Working\GM_T1XX_EPS_RH850\generate
    Descr. file:   C:\Users\kzdyfh\AppData\Local\Temp\Cfg_Gen-1468413134151-6\AutosarFiles_ValGen-1468415256541-0\Adc1CfgAndUse_ECUC_1374620437003707336.arxml
    Include file:  C:\Workspace\_EA4\T1xx\GM_T1XX_EPS_RH850_Working\CM320A_Adc1CfgAndUse_Impl\generate\..\..\TL105A_Artt\tools\include\Helper.tt
    Template:      C:\Workspace\_EA4\T1xx\GM_T1XX_EPS_RH850_Working\CM320A_Adc1CfgAndUse_Impl\generate\CDD_Adc1CfgAndUse_Cfg.h.tt
    Namespace:     http://autosar.org/schema/r4.0
    Prefix:        ar
    File:          C:/Workspace/_EA4/T1xx/GM_T1XX_EPS_RH850_Working/GM_T1XX_EPS_RH850/generate\CDD_Adc1CfgAndUse_Cfg.h. written.
    Duration:      00:00:00.8112052.
AUTOSAR XML Text Transformation v2.0.2.0
    Output folder: C:\Hari\Work\SynergyProjects\T1xx_Synergy\WorkingProject_Synergy\GM_T1XX_EPS_RH850\generate
    Descr. file:   C:\Users\nz2654\AppData\Local\Temp\DaVinci\Cfg-3747693\Generation\Cfg_Gen-1481733754247-0\AutosarFiles_ValGen-1481734289264-0\Adc1CfgAndUse_ECUC_6117143473388319464.arxml
    Include file:  C:\Hari\Work\SynergyProjects\T1xx_Synergy\WorkingProject_Synergy\CM320A_Adc1CfgAndUse_Impl\generate\..\..\TL105A_Artt\tools\include\Helper.tt
    Template:      C:\Hari\Work\SynergyProjects\T1xx_Synergy\WorkingProject_Synergy\CM320A_Adc1CfgAndUse_Impl\generate\CDD_Adc1CfgAndUse_Cfg.h.tt
    Namespace:     http://autosar.org/schema/r4.0
    Prefix:        ar
    File:          C:/Hari/Work/SynergyProjects/T1xx_Synergy/WorkingProject_Synergy/GM_T1XX_EPS_RH850/generate\CDD_Adc1CfgAndUse_Cfg.h. written.
    Duration:      00:00:01.3572087.
