AUTOSAR XML Text Transformation v2.0.2.0
    Output folder: C:\Hari\Work\SynergyProjects\T1xx_Synergy\BuildPrep\07.01.06_Work\Z_Work_1_9290_ShortTerm\GM_T1XX_EPS_RH850\generate
    Descr. file:   C:\Users\nz2654\AppData\Local\Temp\DaVinci\Cfg-7352548\Generation\Cfg_Gen-1484867383841-0\AutosarFiles_ValGen-1484867826951-0\VrfyCritReg_ECUC_8105177044021955660.arxml
    Include file:  C:\Hari\Work\SynergyProjects\T1xx_Synergy\BuildPrep\07.01.06_Work\Z_Work_1_9290_ShortTerm\CM111A_VrfyCritReg_Impl\generate\..\..\TL105A_Artt\tools\include\Helper.tt
    Include file:  C:\Hari\Work\SynergyProjects\T1xx_Synergy\BuildPrep\07.01.06_Work\Z_Work_1_9290_ShortTerm\CM111A_VrfyCritReg_Impl\generate\..\..\TL105A_Artt\tools\include\Logger.tt
    Include file:  C:\Hari\Work\SynergyProjects\T1xx_Synergy\BuildPrep\07.01.06_Work\Z_Work_1_9290_ShortTerm\CM111A_VrfyCritReg_Impl\generate\CDD_VrfyCritReg_helper.tt
    Template:      C:\Hari\Work\SynergyProjects\T1xx_Synergy\BuildPrep\07.01.06_Work\Z_Work_1_9290_ShortTerm\CM111A_VrfyCritReg_Impl\generate\CDD_VrfyCritReg_Cfg.c.tt
    Namespace:     http://autosar.org/schema/r4.0
    Prefix:        ar
    File:          C:/Hari/Work/SynergyProjects/T1xx_Synergy/BuildPrep/07.01.06_Work/Z_Work_1_9290_ShortTerm/GM_T1XX_EPS_RH850/generate\CDD_VrfyCritReg_Cfg.c. written.
    Duration:      00:00:01.0452067.
AUTOSAR XML Text Transformation v2.0.2.0
    Output folder: C:\Hari\Work\SynergyProjects\T1xx_Synergy\BuildPrep\07.01.06_Work\Z_Work_1_9290_ShortTerm\GM_T1XX_EPS_RH850\generate
    Descr. file:   C:\Users\nz2654\AppData\Local\Temp\DaVinci\Cfg-7352548\Generation\Cfg_Gen-1484867383841-0\AutosarFiles_ValGen-1484867826951-0\VrfyCritReg_ECUC_8105177044021955660.arxml
    Include file:  C:\Hari\Work\SynergyProjects\T1xx_Synergy\BuildPrep\07.01.06_Work\Z_Work_1_9290_ShortTerm\CM111A_VrfyCritReg_Impl\generate\..\..\TL105A_Artt\tools\include\Helper.tt
    Include file:  C:\Hari\Work\SynergyProjects\T1xx_Synergy\BuildPrep\07.01.06_Work\Z_Work_1_9290_ShortTerm\CM111A_VrfyCritReg_Impl\generate\..\..\TL105A_Artt\tools\include\Logger.tt
    Include file:  C:\Hari\Work\SynergyProjects\T1xx_Synergy\BuildPrep\07.01.06_Work\Z_Work_1_9290_ShortTerm\CM111A_VrfyCritReg_Impl\generate\CDD_VrfyCritReg_helper.tt
    Template:      C:\Hari\Work\SynergyProjects\T1xx_Synergy\BuildPrep\07.01.06_Work\Z_Work_1_9290_ShortTerm\CM111A_VrfyCritReg_Impl\generate\CDD_VrfyCritReg_Cfg_private.h.tt
    Namespace:     http://autosar.org/schema/r4.0
    Prefix:        ar
    File:          C:/Hari/Work/SynergyProjects/T1xx_Synergy/BuildPrep/07.01.06_Work/Z_Work_1_9290_ShortTerm/GM_T1XX_EPS_RH850/generate\CDD_VrfyCritReg_Cfg_private.h. written.
    Duration:      00:00:00.9360060.
