AUTOSAR XML Text Transformation v2.0.2.0
    Output folder: C:\Hari\Work\SynergyProjects\T1xx_Synergy\BuildPrep\07.02.00_Work\Z_Work_7_9045\GM_T1XX_EPS_RH850\generate
    Descr. file:   C:\Users\nz2654\AppData\Local\Temp\DaVinci\Cfg-9602896\Generation\Cfg_Gen-1485469619092-0\AutosarFiles_ValGen-1485470354677-0\MotCtrlMgr_ECUC_962722220429814748.arxml
    Include file:  C:\Hari\Work\SynergyProjects\T1xx_Synergy\BuildPrep\07.02.00_Work\Z_Work_7_9045\AR300A_MotCtrlMgr_Impl\generate\..\..\TL105A_Artt\tools\include\Helper.tt
    Template:      C:\Hari\Work\SynergyProjects\T1xx_Synergy\BuildPrep\07.02.00_Work\Z_Work_7_9045\AR300A_MotCtrlMgr_Impl\generate\CDD_MotCtrlMgr.c.tt
    Namespace:     http://autosar.org/schema/r4.0
    Prefix:        ar
    File:          C:/Hari/Work/SynergyProjects/T1xx_Synergy/BuildPrep/07.02.00_Work/Z_Work_7_9045/GM_T1XX_EPS_RH850/generate\CDD_MotCtrlMgr.c. written.
    Duration:      00:00:01.0452067.
AUTOSAR XML Text Transformation v2.0.2.0
    Output folder: C:\Hari\Work\SynergyProjects\T1xx_Synergy\BuildPrep\07.02.00_Work\Z_Work_7_9045\GM_T1XX_EPS_RH850\generate
    Descr. file:   C:\Users\nz2654\AppData\Local\Temp\DaVinci\Cfg-9602896\Generation\Cfg_Gen-1485469619092-0\AutosarFiles_ValGen-1485470354677-0\MotCtrlMgr_ECUC_962722220429814748.arxml
    Include file:  C:\Hari\Work\SynergyProjects\T1xx_Synergy\BuildPrep\07.02.00_Work\Z_Work_7_9045\AR300A_MotCtrlMgr_Impl\generate\..\..\TL105A_Artt\tools\include\Helper.tt
    Template:      C:\Hari\Work\SynergyProjects\T1xx_Synergy\BuildPrep\07.02.00_Work\Z_Work_7_9045\AR300A_MotCtrlMgr_Impl\generate\CDD_MotCtrlMgr_Irq.c.tt
    Namespace:     http://autosar.org/schema/r4.0
    Prefix:        ar
    File:          C:/Hari/Work/SynergyProjects/T1xx_Synergy/BuildPrep/07.02.00_Work/Z_Work_7_9045/GM_T1XX_EPS_RH850/generate\CDD_MotCtrlMgr_Irq.c. written.
    Duration:      00:00:00.9984064.
AUTOSAR XML Text Transformation v2.0.2.0
    Output folder: C:\Hari\Work\SynergyProjects\T1xx_Synergy\BuildPrep\07.02.00_Work\Z_Work_7_9045\GM_T1XX_EPS_RH850\generate
    Descr. file:   C:\Users\nz2654\AppData\Local\Temp\DaVinci\Cfg-9602896\Generation\Cfg_Gen-1485469619092-0\AutosarFiles_ValGen-1485470354677-0\MotCtrlMgr_ECUC_962722220429814748.arxml
    Include file:  C:\Hari\Work\SynergyProjects\T1xx_Synergy\BuildPrep\07.02.00_Work\Z_Work_7_9045\AR300A_MotCtrlMgr_Impl\generate\..\..\TL105A_Artt\tools\include\Helper.tt
    Template:      C:\Hari\Work\SynergyProjects\T1xx_Synergy\BuildPrep\07.02.00_Work\Z_Work_7_9045\AR300A_MotCtrlMgr_Impl\generate\CDD_MotCtrlMgr_Data.c.tt
    Namespace:     http://autosar.org/schema/r4.0
    Prefix:        ar
    File:          C:/Hari/Work/SynergyProjects/T1xx_Synergy/BuildPrep/07.02.00_Work/Z_Work_7_9045/GM_T1XX_EPS_RH850/generate\CDD_MotCtrlMgr_Data.c. written.
    Duration:      00:00:01.0920070.
AUTOSAR XML Text Transformation v2.0.2.0
    Output folder: C:\Hari\Work\SynergyProjects\T1xx_Synergy\BuildPrep\07.02.00_Work\Z_Work_7_9045\GM_T1XX_EPS_RH850\generate
    Descr. file:   C:\Users\nz2654\AppData\Local\Temp\DaVinci\Cfg-9602896\Generation\Cfg_Gen-1485469619092-0\AutosarFiles_ValGen-1485470354677-0\MotCtrlMgr_ECUC_962722220429814748.arxml
    Include file:  C:\Hari\Work\SynergyProjects\T1xx_Synergy\BuildPrep\07.02.00_Work\Z_Work_7_9045\AR300A_MotCtrlMgr_Impl\generate\..\..\TL105A_Artt\tools\include\Helper.tt
    Template:      C:\Hari\Work\SynergyProjects\T1xx_Synergy\BuildPrep\07.02.00_Work\Z_Work_7_9045\AR300A_MotCtrlMgr_Impl\generate\CDD_MotCtrlMgr_Data.h.tt
    Namespace:     http://autosar.org/schema/r4.0
    Prefix:        ar
    File:          C:/Hari/Work/SynergyProjects/T1xx_Synergy/BuildPrep/07.02.00_Work/Z_Work_7_9045/GM_T1XX_EPS_RH850/generate\CDD_MotCtrlMgr_Data.h. written.
    Duration:      00:00:01.1076071.
AUTOSAR XML Text Transformation v2.0.2.0
    Output folder: C:\Hari\Work\SynergyProjects\T1xx_Synergy\BuildPrep\07.02.00_Work\Z_Work_7_9045\GM_T1XX_EPS_RH850\generate
    Descr. file:   C:\Users\nz2654\AppData\Local\Temp\DaVinci\Cfg-9602896\Generation\Cfg_Gen-1485469619092-0\AutosarFiles_ValGen-1485470354677-0\MotCtrlMgr_ECUC_962722220429814748.arxml
    Include file:  C:\Hari\Work\SynergyProjects\T1xx_Synergy\BuildPrep\07.02.00_Work\Z_Work_7_9045\AR300A_MotCtrlMgr_Impl\generate\..\..\TL105A_Artt\tools\include\Helper.tt
    Template:      C:\Hari\Work\SynergyProjects\T1xx_Synergy\BuildPrep\07.02.00_Work\Z_Work_7_9045\AR300A_MotCtrlMgr_Impl\generate\AR300A_MotCtrlMgr_DataDict.m.tt
    Namespace:     http://autosar.org/schema/r4.0
    Prefix:        ar
    File:          C:/Hari/Work/SynergyProjects/T1xx_Synergy/BuildPrep/07.02.00_Work/Z_Work_7_9045/GM_T1XX_EPS_RH850/generate\AR300A_MotCtrlMgr_DataDict.m. written.
    Duration:      00:00:01.1544074.
