AUTOSAR XML Text Transformation v2.0.2.0
    Output folder: C:\Hari\Work\SynergyProjects\T1xx_Synergy\WorkingProject_Synergy\GM_T1XX_EPS_RH850\generate
    Descr. file:   C:\Users\nz2654\AppData\Local\Temp\DaVinci\Cfg-3747693\Generation\Cfg_Gen-1481733754247-0\AutosarFiles_ValGen-1481734289264-0\StHlthSigStc_ECUC_4128118931259412905.arxml
    Include file:  C:\Hari\Work\SynergyProjects\T1xx_Synergy\WorkingProject_Synergy\ES106A_StHlthSigStc_Impl\generate\..\..\TL105A_Artt\tools\include\Helper.tt
    Include file:  C:\Hari\Work\SynergyProjects\T1xx_Synergy\WorkingProject_Synergy\ES106A_StHlthSigStc_Impl\generate\..\..\TL105A_Artt\tools\include\Logger.tt
    Include file:  C:\Hari\Work\SynergyProjects\T1xx_Synergy\WorkingProject_Synergy\ES106A_StHlthSigStc_Impl\generate\StHlthSigStc_helper.tt
    Template:      C:\Hari\Work\SynergyProjects\T1xx_Synergy\WorkingProject_Synergy\ES106A_StHlthSigStc_Impl\generate\StHlthSigStc_Cfg.c.tt
    Namespace:     http://autosar.org/schema/r4.0
    Prefix:        ar
    File:          C:/Hari/Work/SynergyProjects/T1xx_Synergy/WorkingProject_Synergy/GM_T1XX_EPS_RH850/generate\StHlthSigStc_Cfg.c. written.
    Duration:      00:00:01.1076071.
AUTOSAR XML Text Transformation v2.0.2.0
    Output folder: C:\Hari\Work\SynergyProjects\T1xx_Synergy\WorkingProject_Synergy\GM_T1XX_EPS_RH850\generate
    Descr. file:   C:\Users\nz2654\AppData\Local\Temp\DaVinci\Cfg-3747693\Generation\Cfg_Gen-1481733754247-0\AutosarFiles_ValGen-1481734289264-0\StHlthSigStc_ECUC_4128118931259412905.arxml
    Include file:  C:\Hari\Work\SynergyProjects\T1xx_Synergy\WorkingProject_Synergy\ES106A_StHlthSigStc_Impl\generate\..\..\TL105A_Artt\tools\include\Helper.tt
    Include file:  C:\Hari\Work\SynergyProjects\T1xx_Synergy\WorkingProject_Synergy\ES106A_StHlthSigStc_Impl\generate\..\..\TL105A_Artt\tools\include\Logger.tt
    Include file:  C:\Hari\Work\SynergyProjects\T1xx_Synergy\WorkingProject_Synergy\ES106A_StHlthSigStc_Impl\generate\StHlthSigStc_helper.tt
    Template:      C:\Hari\Work\SynergyProjects\T1xx_Synergy\WorkingProject_Synergy\ES106A_StHlthSigStc_Impl\generate\StHlthSigStc_Cfg.h.tt
    Namespace:     http://autosar.org/schema/r4.0
    Prefix:        ar
    File:          C:/Hari/Work/SynergyProjects/T1xx_Synergy/WorkingProject_Synergy/GM_T1XX_EPS_RH850/generate\StHlthSigStc_Cfg.h. written.
    Duration:      00:00:00.9360060.
