###########################################################################
# AUTOSAR Renesas R3.2 and R4.0 FLS Driver Generation Tool for X1x - 1.3.6                     
# Run time      = [14 Dec 2016 - 11:51:56]
#  Command line arguments = Fls_X1x.exe -L -O
#    C:\Hari\Work\SynergyProjects\T1xx_Synergy\WorkingProject_Synergy\GM_T1XX_EPS_RH850\generate\Fls
#    C:\Users\nz2654\AppData\Local\Temp\DaVinci\Cfg-3747693\Generation\Cfg_Gen-1481733754247-0\AutosarFiles_ValGen-1481734289264-0\Fls_ECUC_1699074946993045946.arxml
#    R403_FLS_P1x_BSWMDT.arxml P1M.trxml Fls_X1x.cfgxml
#
# Copyright(c) 2012-2014 Renesas Electronics Corporation
# All rights reserved
###########################################################################


INF000001: Tool Version: 1.3.6
INF000002: Command line arguments: Fls_X1x.exe -L -O
           C:\Hari\Work\SynergyProjects\T1xx_Synergy\WorkingProject_Synergy\GM_T1XX_EPS_RH850\generate\Fls
           C:\Users\nz2654\AppData\Local\Temp\DaVinci\Cfg-3747693\Generation\Cfg_Gen-1481733754247-0\AutosarFiles_ValGen-1481734289264-0\Fls_ECUC_1699074946993045946.arxml
           R403_FLS_P1x_BSWMDT.arxml P1M.trxml Fls_X1x.cfgxml
INF092001: The parameter 'FlsJobEndNotification' in the container
           'FlsConfigSet'is not configured.
           File Name:
           C:\Users\nz2654\AppData\Local\Temp\DaVinci\Cfg-3747693\Generation\Cfg_Gen-1481733754247-0\AutosarFiles_ValGen-1481734289264-0\Fls_ECUC_1699074946993045946.arxml
           Path: /ActiveEcuC/Fls/FlsConfigSet
INF092001: The parameter 'FlsJobErrorNotification' in the container
           'FlsConfigSet'is not configured.
           File Name:
           C:\Users\nz2654\AppData\Local\Temp\DaVinci\Cfg-3747693\Generation\Cfg_Gen-1481733754247-0\AutosarFiles_ValGen-1481734289264-0\Fls_ECUC_1699074946993045946.arxml
           Path: /ActiveEcuC/Fls/FlsConfigSet
INF092001: The parameter 'FlsEccSedNotification' in the container
           'FlsDataFlash'is not configured.
           File Name:
           C:\Users\nz2654\AppData\Local\Temp\DaVinci\Cfg-3747693\Generation\Cfg_Gen-1481733754247-0\AutosarFiles_ValGen-1481734289264-0\Fls_ECUC_1699074946993045946.arxml
           Path: /ActiveEcuC/Fls/FlsGeneral/FlsDataFlash
INF092001: The parameter 'FlsEccDedNotification' in the container
           'FlsDataFlash'is not configured.
           File Name:
           C:\Users\nz2654\AppData\Local\Temp\DaVinci\Cfg-3747693\Generation\Cfg_Gen-1481733754247-0\AutosarFiles_ValGen-1481734289264-0\Fls_ECUC_1699074946993045946.arxml
           Path: /ActiveEcuC/Fls/FlsGeneral/FlsDataFlash
INF000004: Opened file
           <C:\Hari\Work\SynergyProjects\T1xx_Synergy\WorkingProject_Synergy\GM_T1XX_EPS_RH850\generate\Fls\include\Fls_Cfg.h>
           at [14 Dec 2016 - 11:52:16].
INF000004: Opened file
           <C:\Hari\Work\SynergyProjects\T1xx_Synergy\WorkingProject_Synergy\GM_T1XX_EPS_RH850\generate\Fls\include\Fls_Cbk.h>
           at [14 Dec 2016 - 11:52:16].
INF000004: Opened file
           <C:\Hari\Work\SynergyProjects\T1xx_Synergy\WorkingProject_Synergy\GM_T1XX_EPS_RH850\generate\Fls\src\Fls_PBcfg.c>
           at [14 Dec 2016 - 11:52:16].
INF000004: Opened file
           <C:\Hari\Work\SynergyProjects\T1xx_Synergy\WorkingProject_Synergy\GM_T1XX_EPS_RH850\generate\Fls\include\fdl_descriptor.h>
           at [14 Dec 2016 - 11:52:16].
INF000005: <0> Error(s) and <0> Warning(s) detected.
INF000006: Execution completed successfully.
