###########################################################################
# AUTOSAR Renesas R3.2 and R4.0 spi Driver Generation Tool for X1x - 1.2.12                     
# Run time      = [14 Dec 2016 - 11:51:53]
#  Command line arguments = Spi_X1x.exe -L -O
#    C:\Hari\Work\SynergyProjects\T1xx_Synergy\WorkingProject_Synergy\GM_T1XX_EPS_RH850\generate\Spi
#    C:\Users\nz2654\AppData\Local\Temp\DaVinci\Cfg-3747693\Generation\Cfg_Gen-1481733754247-0\AutosarFiles_ValGen-1481734289264-0\Spi_ECUC_3231796230563067222.arxml
#    R403_SPI_P1x_BSWMDT.arxml P1M.trxml Spi_X1x.cfgxml
#
# Copyright(c) 2012-2014 Renesas Electronics Corporation.
# All rights reserved
###########################################################################


INF000001: Tool Version: 1.2.12
INF000002: Command line arguments: Spi_X1x.exe -L -O
           C:\Hari\Work\SynergyProjects\T1xx_Synergy\WorkingProject_Synergy\GM_T1XX_EPS_RH850\generate\Spi
           C:\Users\nz2654\AppData\Local\Temp\DaVinci\Cfg-3747693\Generation\Cfg_Gen-1481733754247-0\AutosarFiles_ValGen-1481734289264-0\Spi_ECUC_3231796230563067222.arxml
           R403_SPI_P1x_BSWMDT.arxml P1M.trxml Spi_X1x.cfgxml
INF083003: Calculated SPI baudrate for job 'GateDrv0Cfg0Job' in configuration
           set 'SpiDriver' is <1000000 Hz>.
INF083003: Calculated SPI baudrate for job 'GateDrv0Cfg1Job' in configuration
           set 'SpiDriver' is <1000000 Hz>.
INF083003: Calculated SPI baudrate for job 'GateDrv0Cfg2Job' in configuration
           set 'SpiDriver' is <1000000 Hz>.
INF083003: Calculated SPI baudrate for job 'GateDrv0Cfg3Job' in configuration
           set 'SpiDriver' is <1000000 Hz>.
INF083003: Calculated SPI baudrate for job 'GateDrv0Cfg4Job' in configuration
           set 'SpiDriver' is <1000000 Hz>.
INF083003: Calculated SPI baudrate for job 'GateDrv0Cfg5Job' in configuration
           set 'SpiDriver' is <1000000 Hz>.
INF083003: Calculated SPI baudrate for job 'GateDrv0Cfg6Job' in configuration
           set 'SpiDriver' is <1000000 Hz>.
INF083003: Calculated SPI baudrate for job 'GateDrv0Cfg7Job' in configuration
           set 'SpiDriver' is <1000000 Hz>.
INF083003: Calculated SPI baudrate for job 'GateDrv0Cfg8Job' in configuration
           set 'SpiDriver' is <1000000 Hz>.
INF083003: Calculated SPI baudrate for job 'GateDrv0Cfg9Job' in configuration
           set 'SpiDriver' is <1000000 Hz>.
INF083003: Calculated SPI baudrate for job 'GateDrv0Cfg10Job' in configuration
           set 'SpiDriver' is <1000000 Hz>.
INF083003: Calculated SPI baudrate for job 'GateDrv0Cfg11Job' in configuration
           set 'SpiDriver' is <1000000 Hz>.
INF083003: Calculated SPI baudrate for job 'GateDrv0Cfg12Job' in configuration
           set 'SpiDriver' is <1000000 Hz>.
INF083003: Calculated SPI baudrate for job 'GateDrv0Cfg13Job' in configuration
           set 'SpiDriver' is <1000000 Hz>.
INF083003: Calculated SPI baudrate for job 'GateDrv0VrfyCmd0Job' in
           configuration set 'SpiDriver' is <1000000 Hz>.
INF083003: Calculated SPI baudrate for job 'GateDrv0VrfyCmd1Job' in
           configuration set 'SpiDriver' is <1000000 Hz>.
INF083003: Calculated SPI baudrate for job 'GateDrv0VrfyCmd2Job' in
           configuration set 'SpiDriver' is <1000000 Hz>.
INF083003: Calculated SPI baudrate for job 'GateDrv0VrfyRes0Job' in
           configuration set 'SpiDriver' is <1000000 Hz>.
INF083003: Calculated SPI baudrate for job 'GateDrv0VrfyRes1Job' in
           configuration set 'SpiDriver' is <1000000 Hz>.
INF083003: Calculated SPI baudrate for job 'GateDrv0Mask0Job' in configuration
           set 'SpiDriver' is <1000000 Hz>.
INF083003: Calculated SPI baudrate for job 'GateDrv0Mask1Job' in configuration
           set 'SpiDriver' is <1000000 Hz>.
INF083003: Calculated SPI baudrate for job 'GateDrv0Mask2Job' in configuration
           set 'SpiDriver' is <1000000 Hz>.
INF083003: Calculated SPI baudrate for job 'GateDrv0Diag0Job' in configuration
           set 'SpiDriver' is <1000000 Hz>.
INF083003: Calculated SPI baudrate for job 'GateDrv0Diag1Job' in configuration
           set 'SpiDriver' is <1000000 Hz>.
INF083003: Calculated SPI baudrate for job 'GateDrv0Diag2Job' in configuration
           set 'SpiDriver' is <1000000 Hz>.
INF083003: Calculated SPI baudrate for job 'GateDrv0CtrlJob' in configuration
           set 'SpiDriver' is <1000000 Hz>.
INF083003: Calculated SPI baudrate for job 'GateDrv1Cfg0Job' in configuration
           set 'SpiDriver' is <1000000 Hz>.
INF083003: Calculated SPI baudrate for job 'GateDrv1Cfg1Job' in configuration
           set 'SpiDriver' is <1000000 Hz>.
INF083003: Calculated SPI baudrate for job 'GateDrv1Cfg2Job' in configuration
           set 'SpiDriver' is <1000000 Hz>.
INF083003: Calculated SPI baudrate for job 'GateDrv1Cfg3Job' in configuration
           set 'SpiDriver' is <1000000 Hz>.
INF083003: Calculated SPI baudrate for job 'GateDrv1Cfg4Job' in configuration
           set 'SpiDriver' is <1000000 Hz>.
INF083003: Calculated SPI baudrate for job 'GateDrv1Cfg5Job' in configuration
           set 'SpiDriver' is <1000000 Hz>.
INF083003: Calculated SPI baudrate for job 'GateDrv1Cfg6Job' in configuration
           set 'SpiDriver' is <1000000 Hz>.
INF083003: Calculated SPI baudrate for job 'GateDrv1Cfg7Job' in configuration
           set 'SpiDriver' is <1000000 Hz>.
INF083003: Calculated SPI baudrate for job 'GateDrv1Cfg8Job' in configuration
           set 'SpiDriver' is <1000000 Hz>.
INF083003: Calculated SPI baudrate for job 'GateDrv1Cfg9Job' in configuration
           set 'SpiDriver' is <1000000 Hz>.
INF083003: Calculated SPI baudrate for job 'GateDrv1Cfg10Job' in configuration
           set 'SpiDriver' is <1000000 Hz>.
INF083003: Calculated SPI baudrate for job 'GateDrv1Cfg11Job' in configuration
           set 'SpiDriver' is <1000000 Hz>.
INF083003: Calculated SPI baudrate for job 'GateDrv1Cfg12Job' in configuration
           set 'SpiDriver' is <1000000 Hz>.
INF083003: Calculated SPI baudrate for job 'GateDrv1Cfg13Job' in configuration
           set 'SpiDriver' is <1000000 Hz>.
INF083003: Calculated SPI baudrate for job 'GateDrv1VrfyCmd0Job' in
           configuration set 'SpiDriver' is <1000000 Hz>.
INF083003: Calculated SPI baudrate for job 'GateDrv1VrfyCmd1Job' in
           configuration set 'SpiDriver' is <1000000 Hz>.
INF083003: Calculated SPI baudrate for job 'GateDrv1VrfyCmd2Job' in
           configuration set 'SpiDriver' is <1000000 Hz>.
INF083003: Calculated SPI baudrate for job 'GateDrv1VrfyRes0Job' in
           configuration set 'SpiDriver' is <1000000 Hz>.
INF083003: Calculated SPI baudrate for job 'GateDrv1VrfyRes1Job' in
           configuration set 'SpiDriver' is <1000000 Hz>.
INF083003: Calculated SPI baudrate for job 'GateDrv1Mask0Job' in configuration
           set 'SpiDriver' is <1000000 Hz>.
INF083003: Calculated SPI baudrate for job 'GateDrv1Mask1Job' in configuration
           set 'SpiDriver' is <1000000 Hz>.
INF083003: Calculated SPI baudrate for job 'GateDrv1Mask2Job' in configuration
           set 'SpiDriver' is <1000000 Hz>.
INF083003: Calculated SPI baudrate for job 'GateDrv1Diag0Job' in configuration
           set 'SpiDriver' is <1000000 Hz>.
INF083003: Calculated SPI baudrate for job 'GateDrv1Diag1Job' in configuration
           set 'SpiDriver' is <1000000 Hz>.
INF083003: Calculated SPI baudrate for job 'GateDrv1Diag2Job' in configuration
           set 'SpiDriver' is <1000000 Hz>.
INF083003: Calculated SPI baudrate for job 'GateDrv1CtrlJob' in configuration
           set 'SpiDriver' is <1000000 Hz>.
INF083003: Calculated SPI baudrate for job 'TmplMonrJob1' in configuration set
           'SpiDriver' is <1000000 Hz>.
INF083003: Calculated SPI baudrate for job 'TmplMonrJob2' in configuration set
           'SpiDriver' is <1000000 Hz>.
INF083003: Calculated SPI baudrate for job 'TmplMonrJob3' in configuration set
           'SpiDriver' is <1000000 Hz>.
INF083003: Calculated SPI baudrate for job 'TmplMonrJob4' in configuration set
           'SpiDriver' is <1000000 Hz>.
INF083003: Calculated SPI baudrate for job 'TmplMonrJob5' in configuration set
           'SpiDriver' is <1000000 Hz>.
INF083003: Calculated SPI baudrate for job 'PwrSplyJob1' in configuration set
           'SpiDriver' is <1000000 Hz>.
INF083003: Calculated SPI baudrate for job 'PwrSplyJob2' in configuration set
           'SpiDriver' is <1000000 Hz>.
INF083003: Calculated SPI baudrate for job 'PwrSplyJob3' in configuration set
           'SpiDriver' is <1000000 Hz>.
INF083003: Calculated SPI baudrate for job 'PwrSplyJob4' in configuration set
           'SpiDriver' is <1000000 Hz>.
INF083003: Calculated SPI baudrate for job 'PwrSplyJob5' in configuration set
           'SpiDriver' is <1000000 Hz>.
INF083003: Calculated SPI baudrate for job 'PwrSplyJob6' in configuration set
           'SpiDriver' is <1000000 Hz>.
INF083003: Calculated SPI baudrate for job 'PwrSplyJob7' in configuration set
           'SpiDriver' is <1000000 Hz>.
INF083003: Calculated SPI baudrate for job 'PwrSplyJob8' in configuration set
           'SpiDriver' is <1000000 Hz>.
INF083003: Calculated SPI baudrate for job 'PwrSplyJob9' in configuration set
           'SpiDriver' is <1000000 Hz>.
INF083003: Calculated SPI baudrate for job 'PwrSplyJob10' in configuration set
           'SpiDriver' is <1000000 Hz>.
WRN083080: The value of the parameters 'SpiCsIdleEnforcement' and
           'SpiCsInactiveAfterLastData' in the container 'PwrSplyTmplMonr' are
           ignored for any CSIG HW Unit.
           File Name:
           C:\Users\nz2654\AppData\Local\Temp\DaVinci\Cfg-3747693\Generation\Cfg_Gen-1481733754247-0\AutosarFiles_ValGen-1481734289264-0\Spi_ECUC_3231796230563067222.arxml
           
           Path: /ActiveEcuC/Spi/SpiDriver/PwrSplyTmplMonr
WRN083080: The value of the parameters 'SpiCsIdleEnforcement' and
           'SpiCsInactiveAfterLastData' in the container 'PwrSplyTmplMonr' are
           ignored for any CSIG HW Unit.
           File Name:
           C:\Users\nz2654\AppData\Local\Temp\DaVinci\Cfg-3747693\Generation\Cfg_Gen-1481733754247-0\AutosarFiles_ValGen-1481734289264-0\Spi_ECUC_3231796230563067222.arxml
           
           Path: /ActiveEcuC/Spi/SpiDriver/PwrSplyTmplMonr
WRN083080: The value of the parameters 'SpiCsIdleEnforcement' and
           'SpiCsInactiveAfterLastData' in the container 'PwrSplyTmplMonr' are
           ignored for any CSIG HW Unit.
           File Name:
           C:\Users\nz2654\AppData\Local\Temp\DaVinci\Cfg-3747693\Generation\Cfg_Gen-1481733754247-0\AutosarFiles_ValGen-1481734289264-0\Spi_ECUC_3231796230563067222.arxml
           
           Path: /ActiveEcuC/Spi/SpiDriver/PwrSplyTmplMonr
WRN083080: The value of the parameters 'SpiCsIdleEnforcement' and
           'SpiCsInactiveAfterLastData' in the container 'PwrSplyTmplMonr' are
           ignored for any CSIG HW Unit.
           File Name:
           C:\Users\nz2654\AppData\Local\Temp\DaVinci\Cfg-3747693\Generation\Cfg_Gen-1481733754247-0\AutosarFiles_ValGen-1481734289264-0\Spi_ECUC_3231796230563067222.arxml
           
           Path: /ActiveEcuC/Spi/SpiDriver/PwrSplyTmplMonr
WRN083080: The value of the parameters 'SpiCsIdleEnforcement' and
           'SpiCsInactiveAfterLastData' in the container 'PwrSplyTmplMonr' are
           ignored for any CSIG HW Unit.
           File Name:
           C:\Users\nz2654\AppData\Local\Temp\DaVinci\Cfg-3747693\Generation\Cfg_Gen-1481733754247-0\AutosarFiles_ValGen-1481734289264-0\Spi_ECUC_3231796230563067222.arxml
           
           Path: /ActiveEcuC/Spi/SpiDriver/PwrSplyTmplMonr
WRN083080: The value of the parameters 'SpiCsIdleEnforcement' and
           'SpiCsInactiveAfterLastData' in the container 'PwrSplyTmplMonr' are
           ignored for any CSIG HW Unit.
           File Name:
           C:\Users\nz2654\AppData\Local\Temp\DaVinci\Cfg-3747693\Generation\Cfg_Gen-1481733754247-0\AutosarFiles_ValGen-1481734289264-0\Spi_ECUC_3231796230563067222.arxml
           
           Path: /ActiveEcuC/Spi/SpiDriver/PwrSplyTmplMonr
WRN083080: The value of the parameters 'SpiCsIdleEnforcement' and
           'SpiCsInactiveAfterLastData' in the container 'PwrSplyTmplMonr' are
           ignored for any CSIG HW Unit.
           File Name:
           C:\Users\nz2654\AppData\Local\Temp\DaVinci\Cfg-3747693\Generation\Cfg_Gen-1481733754247-0\AutosarFiles_ValGen-1481734289264-0\Spi_ECUC_3231796230563067222.arxml
           
           Path: /ActiveEcuC/Spi/SpiDriver/PwrSplyTmplMonr
WRN083080: The value of the parameters 'SpiCsIdleEnforcement' and
           'SpiCsInactiveAfterLastData' in the container 'PwrSplyTmplMonr' are
           ignored for any CSIG HW Unit.
           File Name:
           C:\Users\nz2654\AppData\Local\Temp\DaVinci\Cfg-3747693\Generation\Cfg_Gen-1481733754247-0\AutosarFiles_ValGen-1481734289264-0\Spi_ECUC_3231796230563067222.arxml
           
           Path: /ActiveEcuC/Spi/SpiDriver/PwrSplyTmplMonr
WRN083080: The value of the parameters 'SpiCsIdleEnforcement' and
           'SpiCsInactiveAfterLastData' in the container 'PwrSplyTmplMonr' are
           ignored for any CSIG HW Unit.
           File Name:
           C:\Users\nz2654\AppData\Local\Temp\DaVinci\Cfg-3747693\Generation\Cfg_Gen-1481733754247-0\AutosarFiles_ValGen-1481734289264-0\Spi_ECUC_3231796230563067222.arxml
           
           Path: /ActiveEcuC/Spi/SpiDriver/PwrSplyTmplMonr
WRN083080: The value of the parameters 'SpiCsIdleEnforcement' and
           'SpiCsInactiveAfterLastData' in the container 'PwrSplyTmplMonr' are
           ignored for any CSIG HW Unit.
           File Name:
           C:\Users\nz2654\AppData\Local\Temp\DaVinci\Cfg-3747693\Generation\Cfg_Gen-1481733754247-0\AutosarFiles_ValGen-1481734289264-0\Spi_ECUC_3231796230563067222.arxml
           
           Path: /ActiveEcuC/Spi/SpiDriver/PwrSplyTmplMonr
WRN083080: The value of the parameters 'SpiCsIdleEnforcement' and
           'SpiCsInactiveAfterLastData' in the container 'PwrSplyTmplMonr' are
           ignored for any CSIG HW Unit.
           File Name:
           C:\Users\nz2654\AppData\Local\Temp\DaVinci\Cfg-3747693\Generation\Cfg_Gen-1481733754247-0\AutosarFiles_ValGen-1481734289264-0\Spi_ECUC_3231796230563067222.arxml
           
           Path: /ActiveEcuC/Spi/SpiDriver/PwrSplyTmplMonr
WRN083080: The value of the parameters 'SpiCsIdleEnforcement' and
           'SpiCsInactiveAfterLastData' in the container 'PwrSplyTmplMonr' are
           ignored for any CSIG HW Unit.
           File Name:
           C:\Users\nz2654\AppData\Local\Temp\DaVinci\Cfg-3747693\Generation\Cfg_Gen-1481733754247-0\AutosarFiles_ValGen-1481734289264-0\Spi_ECUC_3231796230563067222.arxml
           
           Path: /ActiveEcuC/Spi/SpiDriver/PwrSplyTmplMonr
WRN083080: The value of the parameters 'SpiCsIdleEnforcement' and
           'SpiCsInactiveAfterLastData' in the container 'PwrSplyTmplMonr' are
           ignored for any CSIG HW Unit.
           File Name:
           C:\Users\nz2654\AppData\Local\Temp\DaVinci\Cfg-3747693\Generation\Cfg_Gen-1481733754247-0\AutosarFiles_ValGen-1481734289264-0\Spi_ECUC_3231796230563067222.arxml
           
           Path: /ActiveEcuC/Spi/SpiDriver/PwrSplyTmplMonr
WRN083080: The value of the parameters 'SpiCsIdleEnforcement' and
           'SpiCsInactiveAfterLastData' in the container 'PwrSplyTmplMonr' are
           ignored for any CSIG HW Unit.
           File Name:
           C:\Users\nz2654\AppData\Local\Temp\DaVinci\Cfg-3747693\Generation\Cfg_Gen-1481733754247-0\AutosarFiles_ValGen-1481734289264-0\Spi_ECUC_3231796230563067222.arxml
           
           Path: /ActiveEcuC/Spi/SpiDriver/PwrSplyTmplMonr
WRN083080: The value of the parameters 'SpiCsIdleEnforcement' and
           'SpiCsInactiveAfterLastData' in the container 'PwrSplyTmplMonr' are
           ignored for any CSIG HW Unit.
           File Name:
           C:\Users\nz2654\AppData\Local\Temp\DaVinci\Cfg-3747693\Generation\Cfg_Gen-1481733754247-0\AutosarFiles_ValGen-1481734289264-0\Spi_ECUC_3231796230563067222.arxml
           
           Path: /ActiveEcuC/Spi/SpiDriver/PwrSplyTmplMonr
INF083005: The parameters 'SpiCsIdleEnforcement', 'SpiCsIdleTiming',
           'SpiCsHoldTiming', 'SpiCsInterDataDelay' and 'SpiCsSetupTime' from
           the container 'SpiExternalDevice' should not be configured since the
           parameter 'SpiHwUnit' present in the container 'SpiExternalDevice' is
           configured as <CSIG0>.
           File Name:
           C:\Users\nz2654\AppData\Local\Temp\DaVinci\Cfg-3747693\Generation\Cfg_Gen-1481733754247-0\AutosarFiles_ValGen-1481734289264-0\Spi_ECUC_3231796230563067222.arxml
           Path: /ActiveEcuC/Spi/SpiDriver/PwrSplyTmplMonr
INF083001: The value of the parameter 'SpiShiftClockIdleLevel' in the container
           'SpiExternalDevice' configured is ignored since the value of
           parameter 'SpiHwUnit' present in the container 'SpiExternalDevice' is
           configured as <CSIG0>.
           File Name:
           C:\Users\nz2654\AppData\Local\Temp\DaVinci\Cfg-3747693\Generation\Cfg_Gen-1481733754247-0\AutosarFiles_ValGen-1481734289264-0\Spi_ECUC_3231796230563067222.arxml
           Path: /ActiveEcuC/Spi/SpiDriver/PwrSplyTmplMonr
INF083005: The parameters 'SpiCsIdleEnforcement', 'SpiCsIdleTiming',
           'SpiCsHoldTiming', 'SpiCsInterDataDelay' and 'SpiCsSetupTime' from
           the container 'SpiExternalDevice' should not be configured since the
           parameter 'SpiHwUnit' present in the container 'SpiExternalDevice' is
           configured as <CSIG0>.
           File Name:
           C:\Users\nz2654\AppData\Local\Temp\DaVinci\Cfg-3747693\Generation\Cfg_Gen-1481733754247-0\AutosarFiles_ValGen-1481734289264-0\Spi_ECUC_3231796230563067222.arxml
           Path: /ActiveEcuC/Spi/SpiDriver/PwrSplyTmplMonr
INF083001: The value of the parameter 'SpiShiftClockIdleLevel' in the container
           'SpiExternalDevice' configured is ignored since the value of
           parameter 'SpiHwUnit' present in the container 'SpiExternalDevice' is
           configured as <CSIG0>.
           File Name:
           C:\Users\nz2654\AppData\Local\Temp\DaVinci\Cfg-3747693\Generation\Cfg_Gen-1481733754247-0\AutosarFiles_ValGen-1481734289264-0\Spi_ECUC_3231796230563067222.arxml
           Path: /ActiveEcuC/Spi/SpiDriver/PwrSplyTmplMonr
INF083005: The parameters 'SpiCsIdleEnforcement', 'SpiCsIdleTiming',
           'SpiCsHoldTiming', 'SpiCsInterDataDelay' and 'SpiCsSetupTime' from
           the container 'SpiExternalDevice' should not be configured since the
           parameter 'SpiHwUnit' present in the container 'SpiExternalDevice' is
           configured as <CSIG0>.
           File Name:
           C:\Users\nz2654\AppData\Local\Temp\DaVinci\Cfg-3747693\Generation\Cfg_Gen-1481733754247-0\AutosarFiles_ValGen-1481734289264-0\Spi_ECUC_3231796230563067222.arxml
           Path: /ActiveEcuC/Spi/SpiDriver/PwrSplyTmplMonr
INF083001: The value of the parameter 'SpiShiftClockIdleLevel' in the container
           'SpiExternalDevice' configured is ignored since the value of
           parameter 'SpiHwUnit' present in the container 'SpiExternalDevice' is
           configured as <CSIG0>.
           File Name:
           C:\Users\nz2654\AppData\Local\Temp\DaVinci\Cfg-3747693\Generation\Cfg_Gen-1481733754247-0\AutosarFiles_ValGen-1481734289264-0\Spi_ECUC_3231796230563067222.arxml
           Path: /ActiveEcuC/Spi/SpiDriver/PwrSplyTmplMonr
INF083005: The parameters 'SpiCsIdleEnforcement', 'SpiCsIdleTiming',
           'SpiCsHoldTiming', 'SpiCsInterDataDelay' and 'SpiCsSetupTime' from
           the container 'SpiExternalDevice' should not be configured since the
           parameter 'SpiHwUnit' present in the container 'SpiExternalDevice' is
           configured as <CSIG0>.
           File Name:
           C:\Users\nz2654\AppData\Local\Temp\DaVinci\Cfg-3747693\Generation\Cfg_Gen-1481733754247-0\AutosarFiles_ValGen-1481734289264-0\Spi_ECUC_3231796230563067222.arxml
           Path: /ActiveEcuC/Spi/SpiDriver/PwrSplyTmplMonr
INF083001: The value of the parameter 'SpiShiftClockIdleLevel' in the container
           'SpiExternalDevice' configured is ignored since the value of
           parameter 'SpiHwUnit' present in the container 'SpiExternalDevice' is
           configured as <CSIG0>.
           File Name:
           C:\Users\nz2654\AppData\Local\Temp\DaVinci\Cfg-3747693\Generation\Cfg_Gen-1481733754247-0\AutosarFiles_ValGen-1481734289264-0\Spi_ECUC_3231796230563067222.arxml
           Path: /ActiveEcuC/Spi/SpiDriver/PwrSplyTmplMonr
INF083005: The parameters 'SpiCsIdleEnforcement', 'SpiCsIdleTiming',
           'SpiCsHoldTiming', 'SpiCsInterDataDelay' and 'SpiCsSetupTime' from
           the container 'SpiExternalDevice' should not be configured since the
           parameter 'SpiHwUnit' present in the container 'SpiExternalDevice' is
           configured as <CSIG0>.
           File Name:
           C:\Users\nz2654\AppData\Local\Temp\DaVinci\Cfg-3747693\Generation\Cfg_Gen-1481733754247-0\AutosarFiles_ValGen-1481734289264-0\Spi_ECUC_3231796230563067222.arxml
           Path: /ActiveEcuC/Spi/SpiDriver/PwrSplyTmplMonr
INF083001: The value of the parameter 'SpiShiftClockIdleLevel' in the container
           'SpiExternalDevice' configured is ignored since the value of
           parameter 'SpiHwUnit' present in the container 'SpiExternalDevice' is
           configured as <CSIG0>.
           File Name:
           C:\Users\nz2654\AppData\Local\Temp\DaVinci\Cfg-3747693\Generation\Cfg_Gen-1481733754247-0\AutosarFiles_ValGen-1481734289264-0\Spi_ECUC_3231796230563067222.arxml
           Path: /ActiveEcuC/Spi/SpiDriver/PwrSplyTmplMonr
INF083005: The parameters 'SpiCsIdleEnforcement', 'SpiCsIdleTiming',
           'SpiCsHoldTiming', 'SpiCsInterDataDelay' and 'SpiCsSetupTime' from
           the container 'SpiExternalDevice' should not be configured since the
           parameter 'SpiHwUnit' present in the container 'SpiExternalDevice' is
           configured as <CSIG0>.
           File Name:
           C:\Users\nz2654\AppData\Local\Temp\DaVinci\Cfg-3747693\Generation\Cfg_Gen-1481733754247-0\AutosarFiles_ValGen-1481734289264-0\Spi_ECUC_3231796230563067222.arxml
           Path: /ActiveEcuC/Spi/SpiDriver/PwrSplyTmplMonr
INF083001: The value of the parameter 'SpiShiftClockIdleLevel' in the container
           'SpiExternalDevice' configured is ignored since the value of
           parameter 'SpiHwUnit' present in the container 'SpiExternalDevice' is
           configured as <CSIG0>.
           File Name:
           C:\Users\nz2654\AppData\Local\Temp\DaVinci\Cfg-3747693\Generation\Cfg_Gen-1481733754247-0\AutosarFiles_ValGen-1481734289264-0\Spi_ECUC_3231796230563067222.arxml
           Path: /ActiveEcuC/Spi/SpiDriver/PwrSplyTmplMonr
INF083005: The parameters 'SpiCsIdleEnforcement', 'SpiCsIdleTiming',
           'SpiCsHoldTiming', 'SpiCsInterDataDelay' and 'SpiCsSetupTime' from
           the container 'SpiExternalDevice' should not be configured since the
           parameter 'SpiHwUnit' present in the container 'SpiExternalDevice' is
           configured as <CSIG0>.
           File Name:
           C:\Users\nz2654\AppData\Local\Temp\DaVinci\Cfg-3747693\Generation\Cfg_Gen-1481733754247-0\AutosarFiles_ValGen-1481734289264-0\Spi_ECUC_3231796230563067222.arxml
           Path: /ActiveEcuC/Spi/SpiDriver/PwrSplyTmplMonr
INF083001: The value of the parameter 'SpiShiftClockIdleLevel' in the container
           'SpiExternalDevice' configured is ignored since the value of
           parameter 'SpiHwUnit' present in the container 'SpiExternalDevice' is
           configured as <CSIG0>.
           File Name:
           C:\Users\nz2654\AppData\Local\Temp\DaVinci\Cfg-3747693\Generation\Cfg_Gen-1481733754247-0\AutosarFiles_ValGen-1481734289264-0\Spi_ECUC_3231796230563067222.arxml
           Path: /ActiveEcuC/Spi/SpiDriver/PwrSplyTmplMonr
INF083005: The parameters 'SpiCsIdleEnforcement', 'SpiCsIdleTiming',
           'SpiCsHoldTiming', 'SpiCsInterDataDelay' and 'SpiCsSetupTime' from
           the container 'SpiExternalDevice' should not be configured since the
           parameter 'SpiHwUnit' present in the container 'SpiExternalDevice' is
           configured as <CSIG0>.
           File Name:
           C:\Users\nz2654\AppData\Local\Temp\DaVinci\Cfg-3747693\Generation\Cfg_Gen-1481733754247-0\AutosarFiles_ValGen-1481734289264-0\Spi_ECUC_3231796230563067222.arxml
           Path: /ActiveEcuC/Spi/SpiDriver/PwrSplyTmplMonr
INF083001: The value of the parameter 'SpiShiftClockIdleLevel' in the container
           'SpiExternalDevice' configured is ignored since the value of
           parameter 'SpiHwUnit' present in the container 'SpiExternalDevice' is
           configured as <CSIG0>.
           File Name:
           C:\Users\nz2654\AppData\Local\Temp\DaVinci\Cfg-3747693\Generation\Cfg_Gen-1481733754247-0\AutosarFiles_ValGen-1481734289264-0\Spi_ECUC_3231796230563067222.arxml
           Path: /ActiveEcuC/Spi/SpiDriver/PwrSplyTmplMonr
INF083005: The parameters 'SpiCsIdleEnforcement', 'SpiCsIdleTiming',
           'SpiCsHoldTiming', 'SpiCsInterDataDelay' and 'SpiCsSetupTime' from
           the container 'SpiExternalDevice' should not be configured since the
           parameter 'SpiHwUnit' present in the container 'SpiExternalDevice' is
           configured as <CSIG0>.
           File Name:
           C:\Users\nz2654\AppData\Local\Temp\DaVinci\Cfg-3747693\Generation\Cfg_Gen-1481733754247-0\AutosarFiles_ValGen-1481734289264-0\Spi_ECUC_3231796230563067222.arxml
           Path: /ActiveEcuC/Spi/SpiDriver/PwrSplyTmplMonr
INF083001: The value of the parameter 'SpiShiftClockIdleLevel' in the container
           'SpiExternalDevice' configured is ignored since the value of
           parameter 'SpiHwUnit' present in the container 'SpiExternalDevice' is
           configured as <CSIG0>.
           File Name:
           C:\Users\nz2654\AppData\Local\Temp\DaVinci\Cfg-3747693\Generation\Cfg_Gen-1481733754247-0\AutosarFiles_ValGen-1481734289264-0\Spi_ECUC_3231796230563067222.arxml
           Path: /ActiveEcuC/Spi/SpiDriver/PwrSplyTmplMonr
INF083005: The parameters 'SpiCsIdleEnforcement', 'SpiCsIdleTiming',
           'SpiCsHoldTiming', 'SpiCsInterDataDelay' and 'SpiCsSetupTime' from
           the container 'SpiExternalDevice' should not be configured since the
           parameter 'SpiHwUnit' present in the container 'SpiExternalDevice' is
           configured as <CSIG0>.
           File Name:
           C:\Users\nz2654\AppData\Local\Temp\DaVinci\Cfg-3747693\Generation\Cfg_Gen-1481733754247-0\AutosarFiles_ValGen-1481734289264-0\Spi_ECUC_3231796230563067222.arxml
           Path: /ActiveEcuC/Spi/SpiDriver/PwrSplyTmplMonr
INF083001: The value of the parameter 'SpiShiftClockIdleLevel' in the container
           'SpiExternalDevice' configured is ignored since the value of
           parameter 'SpiHwUnit' present in the container 'SpiExternalDevice' is
           configured as <CSIG0>.
           File Name:
           C:\Users\nz2654\AppData\Local\Temp\DaVinci\Cfg-3747693\Generation\Cfg_Gen-1481733754247-0\AutosarFiles_ValGen-1481734289264-0\Spi_ECUC_3231796230563067222.arxml
           Path: /ActiveEcuC/Spi/SpiDriver/PwrSplyTmplMonr
INF083005: The parameters 'SpiCsIdleEnforcement', 'SpiCsIdleTiming',
           'SpiCsHoldTiming', 'SpiCsInterDataDelay' and 'SpiCsSetupTime' from
           the container 'SpiExternalDevice' should not be configured since the
           parameter 'SpiHwUnit' present in the container 'SpiExternalDevice' is
           configured as <CSIG0>.
           File Name:
           C:\Users\nz2654\AppData\Local\Temp\DaVinci\Cfg-3747693\Generation\Cfg_Gen-1481733754247-0\AutosarFiles_ValGen-1481734289264-0\Spi_ECUC_3231796230563067222.arxml
           Path: /ActiveEcuC/Spi/SpiDriver/PwrSplyTmplMonr
INF083001: The value of the parameter 'SpiShiftClockIdleLevel' in the container
           'SpiExternalDevice' configured is ignored since the value of
           parameter 'SpiHwUnit' present in the container 'SpiExternalDevice' is
           configured as <CSIG0>.
           File Name:
           C:\Users\nz2654\AppData\Local\Temp\DaVinci\Cfg-3747693\Generation\Cfg_Gen-1481733754247-0\AutosarFiles_ValGen-1481734289264-0\Spi_ECUC_3231796230563067222.arxml
           Path: /ActiveEcuC/Spi/SpiDriver/PwrSplyTmplMonr
INF083005: The parameters 'SpiCsIdleEnforcement', 'SpiCsIdleTiming',
           'SpiCsHoldTiming', 'SpiCsInterDataDelay' and 'SpiCsSetupTime' from
           the container 'SpiExternalDevice' should not be configured since the
           parameter 'SpiHwUnit' present in the container 'SpiExternalDevice' is
           configured as <CSIG0>.
           File Name:
           C:\Users\nz2654\AppData\Local\Temp\DaVinci\Cfg-3747693\Generation\Cfg_Gen-1481733754247-0\AutosarFiles_ValGen-1481734289264-0\Spi_ECUC_3231796230563067222.arxml
           Path: /ActiveEcuC/Spi/SpiDriver/PwrSplyTmplMonr
INF083001: The value of the parameter 'SpiShiftClockIdleLevel' in the container
           'SpiExternalDevice' configured is ignored since the value of
           parameter 'SpiHwUnit' present in the container 'SpiExternalDevice' is
           configured as <CSIG0>.
           File Name:
           C:\Users\nz2654\AppData\Local\Temp\DaVinci\Cfg-3747693\Generation\Cfg_Gen-1481733754247-0\AutosarFiles_ValGen-1481734289264-0\Spi_ECUC_3231796230563067222.arxml
           Path: /ActiveEcuC/Spi/SpiDriver/PwrSplyTmplMonr
INF083005: The parameters 'SpiCsIdleEnforcement', 'SpiCsIdleTiming',
           'SpiCsHoldTiming', 'SpiCsInterDataDelay' and 'SpiCsSetupTime' from
           the container 'SpiExternalDevice' should not be configured since the
           parameter 'SpiHwUnit' present in the container 'SpiExternalDevice' is
           configured as <CSIG0>.
           File Name:
           C:\Users\nz2654\AppData\Local\Temp\DaVinci\Cfg-3747693\Generation\Cfg_Gen-1481733754247-0\AutosarFiles_ValGen-1481734289264-0\Spi_ECUC_3231796230563067222.arxml
           Path: /ActiveEcuC/Spi/SpiDriver/PwrSplyTmplMonr
INF083001: The value of the parameter 'SpiShiftClockIdleLevel' in the container
           'SpiExternalDevice' configured is ignored since the value of
           parameter 'SpiHwUnit' present in the container 'SpiExternalDevice' is
           configured as <CSIG0>.
           File Name:
           C:\Users\nz2654\AppData\Local\Temp\DaVinci\Cfg-3747693\Generation\Cfg_Gen-1481733754247-0\AutosarFiles_ValGen-1481734289264-0\Spi_ECUC_3231796230563067222.arxml
           Path: /ActiveEcuC/Spi/SpiDriver/PwrSplyTmplMonr
INF083005: The parameters 'SpiCsIdleEnforcement', 'SpiCsIdleTiming',
           'SpiCsHoldTiming', 'SpiCsInterDataDelay' and 'SpiCsSetupTime' from
           the container 'SpiExternalDevice' should not be configured since the
           parameter 'SpiHwUnit' present in the container 'SpiExternalDevice' is
           configured as <CSIG0>.
           File Name:
           C:\Users\nz2654\AppData\Local\Temp\DaVinci\Cfg-3747693\Generation\Cfg_Gen-1481733754247-0\AutosarFiles_ValGen-1481734289264-0\Spi_ECUC_3231796230563067222.arxml
           Path: /ActiveEcuC/Spi/SpiDriver/PwrSplyTmplMonr
INF083001: The value of the parameter 'SpiShiftClockIdleLevel' in the container
           'SpiExternalDevice' configured is ignored since the value of
           parameter 'SpiHwUnit' present in the container 'SpiExternalDevice' is
           configured as <CSIG0>.
           File Name:
           C:\Users\nz2654\AppData\Local\Temp\DaVinci\Cfg-3747693\Generation\Cfg_Gen-1481733754247-0\AutosarFiles_ValGen-1481734289264-0\Spi_ECUC_3231796230563067222.arxml
           Path: /ActiveEcuC/Spi/SpiDriver/PwrSplyTmplMonr
INF083005: The parameters 'SpiCsIdleEnforcement', 'SpiCsIdleTiming',
           'SpiCsHoldTiming', 'SpiCsInterDataDelay' and 'SpiCsSetupTime' from
           the container 'SpiExternalDevice' should not be configured since the
           parameter 'SpiHwUnit' present in the container 'SpiExternalDevice' is
           configured as <CSIG0>.
           File Name:
           C:\Users\nz2654\AppData\Local\Temp\DaVinci\Cfg-3747693\Generation\Cfg_Gen-1481733754247-0\AutosarFiles_ValGen-1481734289264-0\Spi_ECUC_3231796230563067222.arxml
           Path: /ActiveEcuC/Spi/SpiDriver/PwrSplyTmplMonr
INF083001: The value of the parameter 'SpiShiftClockIdleLevel' in the container
           'SpiExternalDevice' configured is ignored since the value of
           parameter 'SpiHwUnit' present in the container 'SpiExternalDevice' is
           configured as <CSIG0>.
           File Name:
           C:\Users\nz2654\AppData\Local\Temp\DaVinci\Cfg-3747693\Generation\Cfg_Gen-1481733754247-0\AutosarFiles_ValGen-1481734289264-0\Spi_ECUC_3231796230563067222.arxml
           Path: /ActiveEcuC/Spi/SpiDriver/PwrSplyTmplMonr
INF000004: Opened file
           <C:\Hari\Work\SynergyProjects\T1xx_Synergy\WorkingProject_Synergy\GM_T1XX_EPS_RH850\generate\Spi\src\Spi_PBcfg.c>
           at [14 Dec 2016 - 11:52:14].
INF000004: Opened file
           <C:\Hari\Work\SynergyProjects\T1xx_Synergy\WorkingProject_Synergy\GM_T1XX_EPS_RH850\generate\Spi\src\Spi_Lcfg.c>
           at [14 Dec 2016 - 11:52:14].
INF000004: Opened file
           <C:\Hari\Work\SynergyProjects\T1xx_Synergy\WorkingProject_Synergy\GM_T1XX_EPS_RH850\generate\Spi\include\Spi_Cfg.h>
           at [14 Dec 2016 - 11:52:14].
INF000004: Opened file
           <C:\Hari\Work\SynergyProjects\T1xx_Synergy\WorkingProject_Synergy\GM_T1XX_EPS_RH850\generate\Spi\include\Spi_Cbk.h>
           at [14 Dec 2016 - 11:52:14].
INF000005: <0> Error(s) and <15> Warning(s) detected.
INF000007: Execution completed successfully with warnings.
